#
# A fatal error has been detected by the Java Runtime Environment:
#
#  SIGSEGV (0xb) at pc=0x00007fcf04fed284, pid=7917, tid=140527142090496
#
# JRE version: OpenJDK Runtime Environment (7.0_91-b02) (build 1.7.0_91-b02)
# Java VM: OpenJDK 64-Bit Server VM (24.91-b01 mixed mode linux-amd64 compressed oops)
# Derivative: IcedTea 2.6.3
# Distribution: Ubuntu 15.10, package 7u91-2.6.3-0ubuntu0.15.10.1
# Problematic frame:
# V  [libjvm.so+0x606284]  java_lang_String::equals(oopDesc*, unsigned short*, int)+0xc4
#
# Failed to write core dump. Core dumps have been disabled. To enable core dumping, try "ulimit -c unlimited" before starting Java again
#
# If you would like to submit a bug report, please include
# instructions on how to reproduce the bug and visit:
#   http://icedtea.classpath.org/bugzilla
#

---------------  T H R E A D  ---------------

Current thread (0x00007fcf0000a000):  JavaThread "main" [_thread_in_vm, id=7943, stack(0x00007fcf0652b000,0x00007fcf0662c000)]

siginfo:si_signo=SIGSEGV: si_errno=0, si_code=128 (), si_addr=0x0000000000000000

Registers:
RAX=0x0000000000000018, RBX=0x0000000000000001, RCX=0x0000000000000063, RDX=0x00000000ebdff8e8
RSP=0x00007fcf06629530, RBP=0x00007fcf06629540, RSI=0x000000000000000c, RDI=0x00000000ebdff8c0
R8 =0x0000000000000018, R9 =0x00007fcf0000a980, R10=0x00000000ebdff8c0, R11=0x0000000000000000
R12=0x00000000ebdff8d8, R13=0x00007fcf003ba018, R14=0x000000000f1b6386, R15=0x0000000000000001
RIP=0x00007fcf04fed284, EFLAGS=0x0000000000010246, CSGSFS=0x0000000000000033, ERR=0x0000000000000000
  TRAPNO=0x000000000000000d

Top of Stack: (sp=0x00007fcf06629530)
0x00007fcf06629530:   0000000000000018 00007fcf0000a980
0x00007fcf06629540:   00007fcf066295a0 00007fcf052eb2b5
0x00007fcf06629550:   00004773f92bb5f0 00007fcf0000a000
0x00007fcf06629560:   00007fcf00027df0 0000000000000000
0x00007fcf06629570:   00007fcf066295a0 00007fcf0000a000
0x00007fcf06629580:   0000000000000018 00007fcf0000a950
0x00007fcf06629590:   00007fcf000078e0 00007fcf0000a980
0x00007fcf066295a0:   00007fcf06629600 00007fcf052eb67f
0x00007fcf066295b0:   00000000000003d8 00007fcf0000a960
0x00007fcf066295c0:   00007fcf0000a980 00007fcf0000ad38
0x00007fcf066295d0:   000000000000002b 00007fcf0000a000
0x00007fcf066295e0:   00000000ebe3b158 00007fcf0000ad98
0x00007fcf066295f0:   00007fcf0000adb0 0000000000000039
0x00007fcf06629600:   00007fcf06629680 00007fcf04ff6937
0x00007fcf06629610:   0000000000000000 00000000ebe3b138
0x00007fcf06629620:   00007fcf000078e0 00007fcf0000a950
0x00007fcf06629630:   00007fcf0000a960 00007fcf0000ad38
0x00007fcf06629640:   00000000000003d8 1dbe291d4735d300
0x00007fcf06629650:   00000000b92c6cc0 0000000000000017
0x00007fcf06629660:   00007fcf0000a000 00007fcf057f3834
0x00007fcf06629670:   0000000000000000 00000000ebe3ada8
0x00007fcf06629680:   00007fcf066296c0 00007fcf04ff6b92
0x00007fcf06629690:   00007fcf0000ad98 00007fcf0000a000
0x00007fcf066296a0:   00007fcf066296d0 00007fcf0000a1d8
0x00007fcf066296b0:   0000000000000000 00007fcf066297c0
0x00007fcf066296c0:   00007fcf06629730 00007fcf050276ae
0x00007fcf066296d0:   00007fcf05743798 00007fcf0000a000
0x00007fcf066296e0:   0000000000000000 00000000ebe3ad00
0x00007fcf066296f0:   00007fcf06629720 1dbe291d4735d300
0x00007fcf06629700:   00000000ebe3adf8 00000000b9227098
0x00007fcf06629710:   0000000000000000 00000000b9227098
0x00007fcf06629720:   00007fcf066297c0 00007fcf0000a000 

Instructions: (pc=0x00007fcf04fed284)
0x00007fcf04fed264:   5b 31 c0 41 5c 5d c3 0f 1f 44 00 00 4c 89 d7 e8
0x00007fcf04fed274:   38 f1 ff ff 89 c2 eb 92 0f 1f 40 00 5b b8 01 00
0x00007fcf04fed284:   00 00 41 5c 5d c3 66 0f 1f 44 00 00 55 48 89 e5
0x00007fcf04fed294:   41 57 41 56 41 55 41 54 49 89 f4 53 48 83 ec 08 

Register to memory mapping:

RAX=0x0000000000000018 is an unknown value
RBX=0x0000000000000001 is an unknown value
RCX=0x0000000000000063 is an unknown value
RDX=0x00000000ebdff8e8 is an unknown value
RSP=0x00007fcf06629530 is pointing into the stack for thread: 0x00007fcf0000a000
RBP=0x00007fcf06629540 is pointing into the stack for thread: 0x00007fcf0000a000
RSI=0x000000000000000c is an unknown value
RDI=0x00000000ebdff8c0 is an oop
java.lang.String 
 - klass: 'java/lang/String'
R8 =0x0000000000000018 is an unknown value
R9 =0x00007fcf0000a980 is an unknown value
R10=0x00000000ebdff8c0 is an oop
java.lang.String 
 - klass: 'java/lang/String'
R11=0x0000000000000000 is an unknown value
R12=0x00000000ebdff8d8 is an oop
[C 
 - klass: {type array char}
 - length: 24
R13=0x00007fcf003ba018 is an unknown value
R14=0x000000000f1b6386 is an unknown value
R15=0x0000000000000001 is an unknown value


Stack: [0x00007fcf0652b000,0x00007fcf0662c000],  sp=0x00007fcf06629530,  free space=1017k
Native frames: (J=compiled Java code, j=interpreted, Vv=VM code, C=native code)
V  [libjvm.so+0x606284]  java_lang_String::equals(oopDesc*, unsigned short*, int)+0xc4
V  [libjvm.so+0x9042b5]  StringTable::intern(Handle, unsigned short*, int, Thread*)+0xc5
V  [libjvm.so+0x90467f]  StringTable::intern(char const*, Thread*)+0x7f
V  [libjvm.so+0x60f937]  java_lang_StackTraceElement::create(methodHandle, int, Thread*)+0x137
V  [libjvm.so+0x60fb92]  java_lang_Throwable::get_stack_trace_element(oopDesc*, int, Thread*)+0xd2
V  [libjvm.so+0x6406ae]  JVM_GetStackTraceElement+0x7e
j  java.lang.Throwable.getStackTraceElement(I)Ljava/lang/StackTraceElement;+0
j  java.lang.Throwable.getOurStackTrace()[Ljava/lang/StackTraceElement;+51
j  java.lang.Throwable.getStackTrace()[Ljava/lang/StackTraceElement;+1
j  com.google.inject.spi.Elements$RecordingBinder.getElementSource()Lcom/google/inject/spi/ElementSource;+68
j  com.google.inject.spi.Elements$RecordingBinder.bind(Lcom/google/inject/Key;)Lcom/google/inject/binder/AnnotatedBindingBuilder;+10
j  com.google.inject.spi.Elements$RecordingBinder.bind(Ljava/lang/Class;)Lcom/google/inject/binder/AnnotatedBindingBuilder;+5
j  org.codehaus.plexus.DefaultPlexusContainer$ContainerModule.configure(Lcom/google/inject/Binder;)V+51
j  com.google.inject.spi.Elements$RecordingBinder.install(Lcom/google/inject/Module;)V+47
j  com.google.inject.spi.Elements.getElements(Lcom/google/inject/Stage;Ljava/lang/Iterable;)Ljava/util/List;+40
j  com.google.inject.spi.Elements.getElements(Ljava/lang/Iterable;)Ljava/util/List;+4
j  org.eclipse.sisu.wire.WireModule.configure(Lcom/google/inject/Binder;)V+13
j  com.google.inject.spi.Elements$RecordingBinder.install(Lcom/google/inject/Module;)V+47
j  com.google.inject.spi.Elements.getElements(Lcom/google/inject/Stage;Ljava/lang/Iterable;)Ljava/util/List;+40
j  com.google.inject.internal.InjectorShell$Builder.build(Lcom/google/inject/internal/Initializer;Lcom/google/inject/internal/ProcessedBindingData;Lcom/google/inject/internal/util/Stopwatch;Lcom/google/inject/internal/Errors;)Ljava/util/List;+95
j  com.google.inject.internal.InternalInjectorCreator.build()Lcom/google/inject/Injector;+48
j  com.google.inject.Guice.createInjector(Lcom/google/inject/Stage;Ljava/lang/Iterable;)Lcom/google/inject/Injector;+15
j  com.google.inject.Guice.createInjector(Ljava/lang/Iterable;)Lcom/google/inject/Injector;+4
j  com.google.inject.Guice.createInjector([Lcom/google/inject/Module;)Lcom/google/inject/Injector;+4
j  org.codehaus.plexus.DefaultPlexusContainer.addPlexusInjector(Ljava/util/List;[Lcom/google/inject/Module;)Lcom/google/inject/Injector;+88
j  org.codehaus.plexus.DefaultPlexusContainer.<init>(Lorg/codehaus/plexus/ContainerConfiguration;[Lcom/google/inject/Module;)V+397
j  org.apache.maven.cli.MavenCli.container(Lorg/apache/maven/cli/CliRequest;)Lorg/codehaus/plexus/PlexusContainer;+269
j  org.apache.maven.cli.MavenCli.doMain(Lorg/apache/maven/cli/CliRequest;)I+29
j  org.apache.maven.cli.MavenCli.main([Ljava/lang/String;Lorg/codehaus/plexus/classworlds/ClassWorld;)I+18
v  ~StubRoutines::call_stub
V  [libjvm.so+0x60493c]  JavaCalls::call_helper(JavaValue*, methodHandle*, JavaCallArguments*, Thread*)+0x37c
V  [libjvm.so+0x604388]  JavaCalls::call(JavaValue*, methodHandle, JavaCallArguments*, Thread*)+0x28
V  [libjvm.so+0x87e4d4]  Reflection::invoke(instanceKlassHandle, methodHandle, Handle, bool, objArrayHandle, BasicType, objArrayHandle, bool, Thread*)+0x524
V  [libjvm.so+0x87f5ea]  Reflection::invoke_method(oopDesc*, Handle, objArrayHandle, Thread*)+0x18a
V  [libjvm.so+0x64c909]  JVM_InvokeMethod+0x119
j  sun.reflect.NativeMethodAccessorImpl.invoke0(Ljava/lang/reflect/Method;Ljava/lang/Object;[Ljava/lang/Object;)Ljava/lang/Object;+0
j  sun.reflect.NativeMethodAccessorImpl.invoke(Ljava/lang/Object;[Ljava/lang/Object;)Ljava/lang/Object;+87
j  sun.reflect.DelegatingMethodAccessorImpl.invoke(Ljava/lang/Object;[Ljava/lang/Object;)Ljava/lang/Object;+6
j  java.lang.reflect.Method.invoke(Ljava/lang/Object;[Ljava/lang/Object;)Ljava/lang/Object;+57
j  org.codehaus.plexus.classworlds.launcher.Launcher.launchEnhanced([Ljava/lang/String;)V+45
j  org.codehaus.plexus.classworlds.launcher.Launcher.launch([Ljava/lang/String;)V+2
j  org.codehaus.plexus.classworlds.launcher.Launcher.mainWithExitCode([Ljava/lang/String;)I+101
j  org.codehaus.plexus.classworlds.launcher.Launcher.main([Ljava/lang/String;)V+1
v  ~StubRoutines::call_stub
V  [libjvm.so+0x60493c]  JavaCalls::call_helper(JavaValue*, methodHandle*, JavaCallArguments*, Thread*)+0x37c
V  [libjvm.so+0x604388]  JavaCalls::call(JavaValue*, methodHandle, JavaCallArguments*, Thread*)+0x28
V  [libjvm.so+0x61d44f]  jni_invoke_static(JNIEnv_*, JavaValue*, _jobject*, JNICallType, _jmethodID*, JNI_ArgumentPusher*, Thread*) [clone .isra.52] [clone .constprop.88]+0x14f
V  [libjvm.so+0x624819]  jni_CallStaticVoidMethod+0x109
C  [libjli.so+0x3204]

Java frames: (J=compiled Java code, j=interpreted, Vv=VM code)
j  java.lang.Throwable.getStackTraceElement(I)Ljava/lang/StackTraceElement;+0
j  java.lang.Throwable.getOurStackTrace()[Ljava/lang/StackTraceElement;+51
j  java.lang.Throwable.getStackTrace()[Ljava/lang/StackTraceElement;+1
j  com.google.inject.spi.Elements$RecordingBinder.getElementSource()Lcom/google/inject/spi/ElementSource;+68
j  com.google.inject.spi.Elements$RecordingBinder.bind(Lcom/google/inject/Key;)Lcom/google/inject/binder/AnnotatedBindingBuilder;+10
j  com.google.inject.spi.Elements$RecordingBinder.bind(Ljava/lang/Class;)Lcom/google/inject/binder/AnnotatedBindingBuilder;+5
j  org.codehaus.plexus.DefaultPlexusContainer$ContainerModule.configure(Lcom/google/inject/Binder;)V+51
j  com.google.inject.spi.Elements$RecordingBinder.install(Lcom/google/inject/Module;)V+47
j  com.google.inject.spi.Elements.getElements(Lcom/google/inject/Stage;Ljava/lang/Iterable;)Ljava/util/List;+40
j  com.google.inject.spi.Elements.getElements(Ljava/lang/Iterable;)Ljava/util/List;+4
j  org.eclipse.sisu.wire.WireModule.configure(Lcom/google/inject/Binder;)V+13
j  com.google.inject.spi.Elements$RecordingBinder.install(Lcom/google/inject/Module;)V+47
j  com.google.inject.spi.Elements.getElements(Lcom/google/inject/Stage;Ljava/lang/Iterable;)Ljava/util/List;+40
j  com.google.inject.internal.InjectorShell$Builder.build(Lcom/google/inject/internal/Initializer;Lcom/google/inject/internal/ProcessedBindingData;Lcom/google/inject/internal/util/Stopwatch;Lcom/google/inject/internal/Errors;)Ljava/util/List;+95
j  com.google.inject.internal.InternalInjectorCreator.build()Lcom/google/inject/Injector;+48
j  com.google.inject.Guice.createInjector(Lcom/google/inject/Stage;Ljava/lang/Iterable;)Lcom/google/inject/Injector;+15
j  com.google.inject.Guice.createInjector(Ljava/lang/Iterable;)Lcom/google/inject/Injector;+4
j  com.google.inject.Guice.createInjector([Lcom/google/inject/Module;)Lcom/google/inject/Injector;+4
j  org.codehaus.plexus.DefaultPlexusContainer.addPlexusInjector(Ljava/util/List;[Lcom/google/inject/Module;)Lcom/google/inject/Injector;+88
j  org.codehaus.plexus.DefaultPlexusContainer.<init>(Lorg/codehaus/plexus/ContainerConfiguration;[Lcom/google/inject/Module;)V+397
j  org.apache.maven.cli.MavenCli.container(Lorg/apache/maven/cli/CliRequest;)Lorg/codehaus/plexus/PlexusContainer;+269
j  org.apache.maven.cli.MavenCli.doMain(Lorg/apache/maven/cli/CliRequest;)I+29
j  org.apache.maven.cli.MavenCli.main([Ljava/lang/String;Lorg/codehaus/plexus/classworlds/ClassWorld;)I+18
v  ~StubRoutines::call_stub
j  sun.reflect.NativeMethodAccessorImpl.invoke0(Ljava/lang/reflect/Method;Ljava/lang/Object;[Ljava/lang/Object;)Ljava/lang/Object;+0
j  sun.reflect.NativeMethodAccessorImpl.invoke(Ljava/lang/Object;[Ljava/lang/Object;)Ljava/lang/Object;+87
j  sun.reflect.DelegatingMethodAccessorImpl.invoke(Ljava/lang/Object;[Ljava/lang/Object;)Ljava/lang/Object;+6
j  java.lang.reflect.Method.invoke(Ljava/lang/Object;[Ljava/lang/Object;)Ljava/lang/Object;+57
j  org.codehaus.plexus.classworlds.launcher.Launcher.launchEnhanced([Ljava/lang/String;)V+45
j  org.codehaus.plexus.classworlds.launcher.Launcher.launch([Ljava/lang/String;)V+2
j  org.codehaus.plexus.classworlds.launcher.Launcher.mainWithExitCode([Ljava/lang/String;)I+101
j  org.codehaus.plexus.classworlds.launcher.Launcher.main([Ljava/lang/String;)V+1
v  ~StubRoutines::call_stub

---------------  P R O C E S S  ---------------

Java Threads: ( => current thread )
  0x00007fcf000af000 JavaThread "Service Thread" daemon [_thread_blocked, id=7954, stack(0x00007fcef3216000,0x00007fcef3317000)]
  0x00007fcf000ad000 JavaThread "C2 CompilerThread1" daemon [_thread_blocked, id=7953, stack(0x00007fcef3317000,0x00007fcef3418000)]
  0x00007fcf000aa000 JavaThread "C2 CompilerThread0" daemon [_thread_blocked, id=7952, stack(0x00007fcef3418000,0x00007fcef3519000)]
  0x00007fcf000a7800 JavaThread "Signal Dispatcher" daemon [_thread_blocked, id=7951, stack(0x00007fcef3519000,0x00007fcef361a000)]
  0x00007fcf0007c800 JavaThread "Finalizer" daemon [_thread_blocked, id=7950, stack(0x00007fcef3cfd000,0x00007fcef3dfe000)]
  0x00007fcf0007a800 JavaThread "Reference Handler" daemon [_thread_blocked, id=7949, stack(0x00007fcef3dfe000,0x00007fcef3eff000)]
=>0x00007fcf0000a000 JavaThread "main" [_thread_in_vm, id=7943, stack(0x00007fcf0652b000,0x00007fcf0662c000)]

Other Threads:
  0x00007fcf00076000 VMThread [stack: 0x00007fcef3eff000,0x00007fcef4000000] [id=7948]
  0x00007fcf000c2000 WatcherThread [stack: 0x00007fcef3115000,0x00007fcef3216000] [id=7955]

VM state:not at safepoint (normal execution)

VM Mutex/Monitor currently owned by a thread: None

Heap
 PSYoungGen      total 18432K, used 3960K [0x00000000ebd00000, 0x00000000ee100000, 0x0000000100000000)
  eden space 15872K, 9% used [0x00000000ebd00000,0x00000000ebe658a0,0x00000000ecc80000)
  from space 2560K, 98% used [0x00000000ecc80000,0x00000000ecef89f0,0x00000000ecf00000)
  to   space 2560K, 0% used [0x00000000ede80000,0x00000000ede80000,0x00000000ee100000)
 ParOldGen       total 40960K, used 587K [0x00000000c3800000, 0x00000000c6000000, 0x00000000ebd00000)
  object space 40960K, 1% used [0x00000000c3800000,0x00000000c3892d48,0x00000000c6000000)
 PSPermGen       total 21504K, used 7502K [0x00000000b9200000, 0x00000000ba700000, 0x00000000c3800000)
  object space 21504K, 34% used [0x00000000b9200000,0x00000000b9953940,0x00000000ba700000)

Card table byte_map: [0x00007fcefbd3c000,0x00007fcefbf74000] byte_map_base: 0x00007fcefb773000

Polling page: 0x00007fcf0664a000

Code Cache  [0x00007fcefbf74000, 0x00007fcefc1e4000, 0x00007fcefef74000)
 total_blobs=277 nmethods=42 adapters=189 free_code_cache=48677Kb largest_free_block=49817408

Compilation events (10 events):
Event: 0,256 Thread 0x00007fcf000aa000 nmethod 38 0x00007fcefbfe7250 code [0x00007fcefbfe7380, 0x00007fcefbfe73f8]
Event: 0,256 Thread 0x00007fcf000aa000   39   !         sun.misc.URLClassPath$JarLoader::getResource (91 bytes)
Event: 0,256 Thread 0x00007fcf000ad000 nmethod 37 0x00007fcefbfe4e50 code [0x00007fcefbfe4fa0, 0x00007fcefbfe5168]
Event: 0,256 Thread 0x00007fcf000ad000   40             sun.misc.URLClassPath::getResource (74 bytes)
Event: 0,261 Thread 0x00007fcf000aa000 nmethod 39 0x00007fcefbfe8290 code [0x00007fcefbfe8460, 0x00007fcefbfe8860]
Event: 0,262 Thread 0x00007fcf000ad000 nmethod 40 0x00007fcefbfe99d0 code [0x00007fcefbfe9bc0, 0x00007fcefbfea0c0]
Event: 0,299 Thread 0x00007fcf000aa000   41             java.lang.CharacterData::of (120 bytes)
Event: 0,299 Thread 0x00007fcf000ad000   42             java.lang.CharacterDataLatin1::getProperties (11 bytes)
Event: 0,299 Thread 0x00007fcf000aa000 nmethod 41 0x00007fcefbfe7a50 code [0x00007fcefbfe7b80, 0x00007fcefbfe7bf8]
Event: 0,299 Thread 0x00007fcf000ad000 nmethod 42 0x00007fcefbfe9790 code [0x00007fcefbfe98c0, 0x00007fcefbfe9938]

GC Heap History (2 events):
Event: 0,307 GC heap before
{Heap before GC invocations=1 (full 0):
 PSYoungGen      total 18432K, used 15872K [0x00000000ebd00000, 0x00000000ed180000, 0x0000000100000000)
  eden space 15872K, 100% used [0x00000000ebd00000,0x00000000ecc80000,0x00000000ecc80000)
  from space 2560K, 0% used [0x00000000ecf00000,0x00000000ecf00000,0x00000000ed180000)
  to   space 2560K, 0% used [0x00000000ecc80000,0x00000000ecc80000,0x00000000ecf00000)
 ParOldGen       total 40960K, used 0K [0x00000000c3800000, 0x00000000c6000000, 0x00000000ebd00000)
  object space 40960K, 0% used [0x00000000c3800000,0x00000000c3800000,0x00000000c6000000)
 PSPermGen       total 21504K, used 7111K [0x00000000b9200000, 0x00000000ba700000, 0x00000000c3800000)
  object space 21504K, 33% used [0x00000000b9200000,0x00000000b98f1d28,0x00000000ba700000)
Event: 0,311 GC heap after
Heap after GC invocations=1 (full 0):
 PSYoungGen      total 18432K, used 2530K [0x00000000ebd00000, 0x00000000ee100000, 0x0000000100000000)
  eden space 15872K, 0% used [0x00000000ebd00000,0x00000000ebd00000,0x00000000ecc80000)
  from space 2560K, 98% used [0x00000000ecc80000,0x00000000ecef89f0,0x00000000ecf00000)
  to   space 2560K, 0% used [0x00000000ede80000,0x00000000ede80000,0x00000000ee100000)
 ParOldGen       total 40960K, used 587K [0x00000000c3800000, 0x00000000c6000000, 0x00000000ebd00000)
  object space 40960K, 1% used [0x00000000c3800000,0x00000000c3892d48,0x00000000c6000000)
 PSPermGen       total 21504K, used 7111K [0x00000000b9200000, 0x00000000ba700000, 0x00000000c3800000)
  object space 21504K, 33% used [0x00000000b9200000,0x00000000b98f1d28,0x00000000ba700000)
}

Deoptimization events (4 events):
Event: 0,064 Thread 0x00007fcf0000a000 Uncommon trap: reason=unstable_if action=reinterpret pc=0x00007fcefbfd4574 method=java.lang.String.indexOf(II)I @ 49
Event: 0,194 Thread 0x00007fcf0000a000 Uncommon trap: reason=unstable_if action=reinterpret pc=0x00007fcefbfdb0ec method=java.lang.String.indexOf([CII[CIII)I @ 3
Event: 0,299 Thread 0x00007fcf0000a000 Uncommon trap: reason=class_check action=maybe_recompile pc=0x00007fcefbfe6dd8 method=sun.misc.URLClassPath.getLoader(I)Lsun/misc/URLClassPath$Loader; @ 150
Event: 0,299 Thread 0x00007fcf0000a000 Uncommon trap: reason=class_check action=maybe_recompile pc=0x00007fcefbfe9e38 method=sun.misc.URLClassPath.getResource(Ljava/lang/String;Z)Lsun/misc/Resource; @ 53

Internal exceptions (10 events):
Event: 0,333 Thread 0x00007fcf0000a000 Threw 0x00000000ebe1c650 at /build/openjdk-7-slE2TM/openjdk-7-7u91-2.6.3/build/openjdk/hotspot/src/share/vm/prims/jvm.cpp:1322
Event: 0,333 Thread 0x00007fcf0000a000 Threw 0x00000000ebe223a8 at /build/openjdk-7-slE2TM/openjdk-7-7u91-2.6.3/build/openjdk/hotspot/src/share/vm/prims/jvm.cpp:1322
Event: 0,333 Thread 0x00007fcf0000a000 Threw 0x00000000ebe22ae8 at /build/openjdk-7-slE2TM/openjdk-7-7u91-2.6.3/build/openjdk/hotspot/src/share/vm/prims/jvm.cpp:1322
Event: 0,333 Thread 0x00007fcf0000a000 Threw 0x00000000ebe2a0b0 at /build/openjdk-7-slE2TM/openjdk-7-7u91-2.6.3/build/openjdk/hotspot/src/share/vm/prims/jvm.cpp:1322
Event: 0,333 Thread 0x00007fcf0000a000 Threw 0x00000000ebe2a7f0 at /build/openjdk-7-slE2TM/openjdk-7-7u91-2.6.3/build/openjdk/hotspot/src/share/vm/prims/jvm.cpp:1322
Event: 0,334 Thread 0x00007fcf0000a000 Threw 0x00000000ebe305f8 at /build/openjdk-7-slE2TM/openjdk-7-7u91-2.6.3/build/openjdk/hotspot/src/share/vm/prims/jvm.cpp:1322
Event: 0,334 Thread 0x00007fcf0000a000 Threw 0x00000000ebe30be8 at /build/openjdk-7-slE2TM/openjdk-7-7u91-2.6.3/build/openjdk/hotspot/src/share/vm/prims/jvm.cpp:1322
Event: 0,334 Thread 0x00007fcf0000a000 Threw 0x00000000ebe33980 at /build/openjdk-7-slE2TM/openjdk-7-7u91-2.6.3/build/openjdk/hotspot/src/share/vm/prims/jvm.cpp:1322
Event: 0,334 Thread 0x00007fcf0000a000 Threw 0x00000000ebe33f98 at /build/openjdk-7-slE2TM/openjdk-7-7u91-2.6.3/build/openjdk/hotspot/src/share/vm/prims/jvm.cpp:1322
Event: 0,335 Thread 0x00007fcf0000a000 Threw 0x00000000ebe39208 at /build/openjdk-7-slE2TM/openjdk-7-7u91-2.6.3/build/openjdk/hotspot/src/share/vm/interpreter/interpreterRuntime.cpp:376

Events (10 events):
Event: 0,334 loading class 0x00007fcf00446d40
Event: 0,334 loading class 0x00007fcf00446d40 done
Event: 0,334 loading class 0x00007fcef92f8560
Event: 0,334 loading class 0x00007fcef92f8560 done
Event: 0,335 loading class 0x00007fcec40dc2a0
Event: 0,335 loading class 0x00007fcec40dc2a0 done
Event: 0,335 loading class 0x00007fcef92f7f60
Event: 0,335 loading class 0x00007fcef92f8480
Event: 0,335 loading class 0x00007fcef92f8480 done
Event: 0,335 loading class 0x00007fcef92f7f60 done


Dynamic libraries:
00400000-00401000 r-xp 00000000 fc:00 28970746                           /usr/lib/jvm/java-7-openjdk-amd64/jre/bin/java
00600000-00601000 r--p 00000000 fc:00 28970746                           /usr/lib/jvm/java-7-openjdk-amd64/jre/bin/java
00601000-00602000 rw-p 00001000 fc:00 28970746                           /usr/lib/jvm/java-7-openjdk-amd64/jre/bin/java
010e1000-01102000 rw-p 00000000 00:00 0                                  [heap]
b9200000-ba700000 rw-p 00000000 00:00 0 
ba700000-c3800000 rw-p 00000000 00:00 0 
c3800000-c6000000 rw-p 00000000 00:00 0 
c6000000-ebd00000 rw-p 00000000 00:00 0 
ebd00000-ee100000 rw-p 00000000 00:00 0 
ee100000-100000000 rw-p 00000000 00:00 0 
7fcebc000000-7fcebc021000 rw-p 00000000 00:00 0 
7fcebc021000-7fcec0000000 ---p 00000000 00:00 0 
7fcec4000000-7fcec4120000 rw-p 00000000 00:00 0 
7fcec4120000-7fcec8000000 ---p 00000000 00:00 0 
7fcec8000000-7fcec8021000 rw-p 00000000 00:00 0 
7fcec8021000-7fcecc000000 ---p 00000000 00:00 0 
7fcecc000000-7fcecc021000 rw-p 00000000 00:00 0 
7fcecc021000-7fced0000000 ---p 00000000 00:00 0 
7fced0000000-7fced010b000 rw-p 00000000 00:00 0 
7fced010b000-7fced4000000 ---p 00000000 00:00 0 
7fced4000000-7fced4021000 rw-p 00000000 00:00 0 
7fced4021000-7fced8000000 ---p 00000000 00:00 0 
7fced8000000-7fced8021000 rw-p 00000000 00:00 0 
7fced8021000-7fcedc000000 ---p 00000000 00:00 0 
7fcedc000000-7fcedc021000 rw-p 00000000 00:00 0 
7fcedc021000-7fcee0000000 ---p 00000000 00:00 0 
7fcee0000000-7fcee0021000 rw-p 00000000 00:00 0 
7fcee0021000-7fcee4000000 ---p 00000000 00:00 0 
7fcee4000000-7fcee4021000 rw-p 00000000 00:00 0 
7fcee4021000-7fcee8000000 ---p 00000000 00:00 0 
7fceec000000-7fceec021000 rw-p 00000000 00:00 0 
7fceec021000-7fcef0000000 ---p 00000000 00:00 0 
7fcef13b4000-7fcef18ee000 rw-p 00000000 00:00 0 
7fcef18ee000-7fcef195a000 r-xp 00000000 fc:00 10752447                   /lib/x86_64-linux-gnu/libpcre.so.3.13.1
7fcef195a000-7fcef1b59000 ---p 0006c000 fc:00 10752447                   /lib/x86_64-linux-gnu/libpcre.so.3.13.1
7fcef1b59000-7fcef1b5a000 r--p 0006b000 fc:00 10752447                   /lib/x86_64-linux-gnu/libpcre.so.3.13.1
7fcef1b5a000-7fcef1b5b000 rw-p 0006c000 fc:00 10752447                   /lib/x86_64-linux-gnu/libpcre.so.3.13.1
7fcef1b5b000-7fcef1b62000 r-xp 00000000 fc:00 28582387                   /usr/lib/x86_64-linux-gnu/libffi.so.6.0.4
7fcef1b62000-7fcef1d61000 ---p 00007000 fc:00 28582387                   /usr/lib/x86_64-linux-gnu/libffi.so.6.0.4
7fcef1d61000-7fcef1d62000 r--p 00006000 fc:00 28582387                   /usr/lib/x86_64-linux-gnu/libffi.so.6.0.4
7fcef1d62000-7fcef1d63000 rw-p 00007000 fc:00 28582387                   /usr/lib/x86_64-linux-gnu/libffi.so.6.0.4
7fcef1d63000-7fcef1d7a000 r-xp 00000000 fc:00 10752470                   /lib/x86_64-linux-gnu/libresolv-2.21.so
7fcef1d7a000-7fcef1f7a000 ---p 00017000 fc:00 10752470                   /lib/x86_64-linux-gnu/libresolv-2.21.so
7fcef1f7a000-7fcef1f7c000 r--p 00017000 fc:00 10752470                   /lib/x86_64-linux-gnu/libresolv-2.21.so
7fcef1f7c000-7fcef1f7d000 rw-p 00019000 fc:00 10752470                   /lib/x86_64-linux-gnu/libresolv-2.21.so
7fcef1f7d000-7fcef1f7f000 rw-p 00000000 00:00 0 
7fcef1f7f000-7fcef1fa0000 r-xp 00000000 fc:00 10752476                   /lib/x86_64-linux-gnu/libselinux.so.1
7fcef1fa0000-7fcef219f000 ---p 00021000 fc:00 10752476                   /lib/x86_64-linux-gnu/libselinux.so.1
7fcef219f000-7fcef21a0000 r--p 00020000 fc:00 10752476                   /lib/x86_64-linux-gnu/libselinux.so.1
7fcef21a0000-7fcef21a1000 rw-p 00021000 fc:00 10752476                   /lib/x86_64-linux-gnu/libselinux.so.1
7fcef21a1000-7fcef21a3000 rw-p 00000000 00:00 0 
7fcef21a3000-7fcef21a6000 r-xp 00000000 fc:00 28582506                   /usr/lib/x86_64-linux-gnu/libgmodule-2.0.so.0.4600.1
7fcef21a6000-7fcef23a5000 ---p 00003000 fc:00 28582506                   /usr/lib/x86_64-linux-gnu/libgmodule-2.0.so.0.4600.1
7fcef23a5000-7fcef23a6000 r--p 00002000 fc:00 28582506                   /usr/lib/x86_64-linux-gnu/libgmodule-2.0.so.0.4600.1
7fcef23a6000-7fcef23a7000 rw-p 00003000 fc:00 28582506                   /usr/lib/x86_64-linux-gnu/libgmodule-2.0.so.0.4600.1
7fcef23a7000-7fcef24b4000 r-xp 00000000 fc:00 10752365                   /lib/x86_64-linux-gnu/libglib-2.0.so.0.4600.1
7fcef24b4000-7fcef26b3000 ---p 0010d000 fc:00 10752365                   /lib/x86_64-linux-gnu/libglib-2.0.so.0.4600.1
7fcef26b3000-7fcef26b4000 r--p 0010c000 fc:00 10752365                   /lib/x86_64-linux-gnu/libglib-2.0.so.0.4600.1
7fcef26b4000-7fcef26b5000 rw-p 0010d000 fc:00 10752365                   /lib/x86_64-linux-gnu/libglib-2.0.so.0.4600.1
7fcef26b5000-7fcef26b6000 rw-p 00000000 00:00 0 
7fcef26b6000-7fcef2708000 r-xp 00000000 fc:00 28582522                   /usr/lib/x86_64-linux-gnu/libgobject-2.0.so.0.4600.1
7fcef2708000-7fcef2907000 ---p 00052000 fc:00 28582522                   /usr/lib/x86_64-linux-gnu/libgobject-2.0.so.0.4600.1
7fcef2907000-7fcef2908000 r--p 00051000 fc:00 28582522                   /usr/lib/x86_64-linux-gnu/libgobject-2.0.so.0.4600.1
7fcef2908000-7fcef2909000 rw-p 00052000 fc:00 28582522                   /usr/lib/x86_64-linux-gnu/libgobject-2.0.so.0.4600.1
7fcef2909000-7fcef2a83000 r-xp 00000000 fc:00 28582492                   /usr/lib/x86_64-linux-gnu/libgio-2.0.so.0.4600.1
7fcef2a83000-7fcef2c82000 ---p 0017a000 fc:00 28582492                   /usr/lib/x86_64-linux-gnu/libgio-2.0.so.0.4600.1
7fcef2c82000-7fcef2c86000 r--p 00179000 fc:00 28582492                   /usr/lib/x86_64-linux-gnu/libgio-2.0.so.0.4600.1
7fcef2c86000-7fcef2c88000 rw-p 0017d000 fc:00 28582492                   /usr/lib/x86_64-linux-gnu/libgio-2.0.so.0.4600.1
7fcef2c88000-7fcef2c8a000 rw-p 00000000 00:00 0 
7fcef2ca3000-7fcef2ca4000 rw-p 00000000 00:00 0 
7fcef2ca4000-7fcef2cbb000 r-xp 00000000 fc:00 28970844                   /usr/lib/jvm/java-7-openjdk-amd64/jre/lib/amd64/libnet.so
7fcef2cbb000-7fcef2ebb000 ---p 00017000 fc:00 28970844                   /usr/lib/jvm/java-7-openjdk-amd64/jre/lib/amd64/libnet.so
7fcef2ebb000-7fcef2ebc000 r--p 00017000 fc:00 28970844                   /usr/lib/jvm/java-7-openjdk-amd64/jre/lib/amd64/libnet.so
7fcef2ebc000-7fcef2ebd000 rw-p 00018000 fc:00 28970844                   /usr/lib/jvm/java-7-openjdk-amd64/jre/lib/amd64/libnet.so
7fcef2ebd000-7fcef2ece000 r-xp 00000000 fc:00 28970806                   /usr/lib/jvm/java-7-openjdk-amd64/jre/lib/amd64/libnio.so
7fcef2ece000-7fcef30cd000 ---p 00011000 fc:00 28970806                   /usr/lib/jvm/java-7-openjdk-amd64/jre/lib/amd64/libnio.so
7fcef30cd000-7fcef30ce000 r--p 00010000 fc:00 28970806                   /usr/lib/jvm/java-7-openjdk-amd64/jre/lib/amd64/libnio.so
7fcef30ce000-7fcef30cf000 rw-p 00011000 fc:00 28970806                   /usr/lib/jvm/java-7-openjdk-amd64/jre/lib/amd64/libnio.so
7fcef30cf000-7fcef30d6000 r--s 00054000 fc:00 29102518                   /usr/share/java/sisu-inject.jar
7fcef30d6000-7fcef30da000 r--s 00027000 fc:00 29102306                   /usr/share/java/eclipse-aether-impl.jar
7fcef30da000-7fcef30e7000 r--s 0008c000 fc:00 29102559                   /usr/share/java/maven3-core-3.3.3.jar
7fcef30e7000-7fcef3115000 r--s 001d6000 fc:00 29102530                   /usr/share/java/wagon-http-shaded-2.x.jar
7fcef3115000-7fcef3116000 ---p 00000000 00:00 0 
7fcef3116000-7fcef3216000 rw-p 00000000 00:00 0                          [stack:7955]
7fcef3216000-7fcef3219000 ---p 00000000 00:00 0 
7fcef3219000-7fcef3317000 rw-p 00000000 00:00 0                          [stack:7954]
7fcef3317000-7fcef331a000 ---p 00000000 00:00 0 
7fcef331a000-7fcef3418000 rw-p 00000000 00:00 0                          [stack:7953]
7fcef3418000-7fcef341b000 ---p 00000000 00:00 0 
7fcef341b000-7fcef3519000 rw-p 00000000 00:00 0                          [stack:7952]
7fcef3519000-7fcef351c000 ---p 00000000 00:00 0 
7fcef351c000-7fcef361a000 rw-p 00000000 00:00 0                          [stack:7951]
7fcef361a000-7fcef3cfd000 r--p 00000000 fc:00 28580925                   /usr/lib/locale/locale-archive
7fcef3cfd000-7fcef3d00000 ---p 00000000 00:00 0 
7fcef3d00000-7fcef3dfe000 rw-p 00000000 00:00 0                          [stack:7950]
7fcef3dfe000-7fcef3e01000 ---p 00000000 00:00 0 
7fcef3e01000-7fcef3eff000 rw-p 00000000 00:00 0                          [stack:7949]
7fcef3eff000-7fcef3f00000 ---p 00000000 00:00 0 
7fcef3f00000-7fcef4000000 rw-p 00000000 00:00 0                          [stack:7948]
7fcef4000000-7fcef4021000 rw-p 00000000 00:00 0 
7fcef4021000-7fcef8000000 ---p 00000000 00:00 0 
7fcef8000000-7fcef8001000 rw-p 00000000 00:00 0 
7fcef8001000-7fcef8003000 r--s 00001000 fc:00 29102329                   /usr/share/java/aopalliance-1.0.jar
7fcef8003000-7fcef8004000 r--s 00004000 fc:00 29102135                   /usr/share/java/atinject-jsr330-tck-1.0.jar
7fcef8004000-7fcef8009000 r--s 0001d000 fc:00 29102313                   /usr/share/java/eclipse-aether-api.jar
7fcef8009000-7fcef800b000 r--s 00013000 fc:00 29102554                   /usr/share/java/maven3-embedder-3.3.3.jar
7fcef800b000-7fcef800c000 r--s 00006000 fc:00 29102555                   /usr/share/java/maven3-repository-metadata-3.3.3.jar
7fcef800c000-7fcef8011000 r--s 00025000 fc:00 29102551                   /usr/share/java/maven3-model-builder-3.3.3.jar
7fcef8011000-7fcef8014000 r--s 0000a000 fc:00 29102552                   /usr/share/java/maven3-artifact-3.3.3.jar
7fcef8014000-7fcef8016000 r--s 00006000 fc:00 29102229                   /usr/share/java/slf4j-api-1.7.12.jar
7fcef8016000-7fcef8017000 r--s 00002000 fc:00 29102234                   /usr/share/java/slf4j-simple-1.7.12.jar
7fcef8017000-7fcef8018000 r--s 00002000 fc:00 29102556                   /usr/share/java/maven3-builder-support-3.3.3.jar
7fcef8018000-7fcef801a000 r--s 00006000 fc:00 29102311                   /usr/share/java/eclipse-aether-spi.jar
7fcef801a000-7fcef801b000 r--s 00001000 fc:00 29102533                   /usr/share/java/wagon-file-2.x.jar
7fcef801b000-7fcef801f000 r--s 00027000 fc:00 29102167                   /usr/share/java/commons-io-2.4.jar
7fcef801f000-7fcef8026000 r--s 00041000 fc:00 29102549                   /usr/share/java/maven3-compat-3.3.3.jar
7fcef8026000-7fcef8027000 r--s 00008000 fc:00 29102309                   /usr/share/java/eclipse-aether-connector-basic.jar
7fcef8027000-7fcef8034000 r--s 0008f000 fc:00 29102513                   /usr/share/java/sisu-guice.jar
7fcef8034000-7fcef8036000 r--s 0000a000 fc:00 29102560                   /usr/share/java/maven3-plugin-api-3.3.3.jar
7fcef8036000-7fcef8038000 r--s 0000d000 fc:00 29102557                   /usr/share/java/maven3-aether-provider-3.3.3.jar
7fcef8038000-7fcef8064000 r--s 001fc000 fc:00 29102251                   /usr/share/java/guava.jar
7fcef8064000-7fcef8065000 r--s 00006000 fc:00 29102402                   /usr/share/java/plexus-sec-dispatcher.jar
7fcef8065000-7fcef8067000 r--s 00000000 fc:00 29102507                   /usr/share/java/plexus-component-annotations-1.5-1.5.5.jar
7fcef8067000-7fcef806d000 r--s 00048000 fc:00 29102247                   /usr/share/java/jsoup.jar
7fcef806d000-7fcef8074000 r--s 0002c000 fc:00 29102520                   /usr/share/java/sisu-plexus.jar
7fcef8074000-7fcef8079000 r--s 00040000 fc:00 29102153                   /usr/share/java/commons-lang-2.6.jar
7fcef8079000-7fcef807b000 r--s 00002000 fc:00 29102400                   /usr/share/java/plexus-cipher.jar
7fcef807b000-7fcef807c000 r--s 00000000 fc:00 29102139                   /usr/share/java/geronimo-interceptor-3.0-spec-1.0.1.jar
7fcef807c000-7fcef807e000 r--s 00012000 fc:00 29102142                   /usr/share/java/el-api-3.0.jar
7fcef807e000-7fcef8081000 r--s 00008000 fc:00 29102145                   /usr/share/java/cdi-api-1.0.jar
7fcef8081000-7fcef8083000 r--s 0000a000 fc:00 29102155                   /usr/share/java/commons-cli-1.3.1.jar
7fcef8083000-7fcef8087000 r--s 00020000 fc:00 29102314                   /usr/share/java/eclipse-aether-util.jar
7fcef8087000-7fcef8089000 r--s 0000e000 fc:00 29102210                   /usr/share/java/plexus-interpolation.jar
7fcef8089000-7fcef808b000 r--s 0000a000 fc:00 29102522                   /usr/share/java/wagon-provider-api-2.x.jar
7fcef808b000-7fcef808e000 r--s 00007000 fc:00 29102558                   /usr/share/java/maven3-settings-builder-3.3.3.jar
7fcef808e000-7fcef8092000 r--s 00037000 fc:00 29102500                   /usr/share/java/plexus-utils2-3.0.15.jar
7fcef8092000-7fcef8094000 r--s 00005000 fc:00 29102312                   /usr/share/java/eclipse-aether-transport-wagon.jar
7fcef8094000-7fcef8096000 r--s 00027000 fc:00 29102553                   /usr/share/java/maven3-model-3.3.3.jar
7fcef8096000-7fcef9093000 rw-p 00000000 00:00 0 
7fcef9093000-7fcef9245000 r--s 01d2e000 fc:00 28970799                   /usr/lib/jvm/java-7-openjdk-amd64/jre/lib/rt.jar
7fcef9245000-7fcefb8e5000 rw-p 00000000 00:00 0 
7fcefb8e5000-7fcefb8e6000 ---p 00000000 00:00 0 
7fcefb8e6000-7fcefb9e6000 rw-p 00000000 00:00 0                          [stack:7947]
7fcefb9e6000-7fcefb9e7000 ---p 00000000 00:00 0 
7fcefb9e7000-7fcefbae7000 rw-p 00000000 00:00 0                          [stack:7946]
7fcefbae7000-7fcefbae8000 ---p 00000000 00:00 0 
7fcefbae8000-7fcefbbe8000 rw-p 00000000 00:00 0                          [stack:7945]
7fcefbbe8000-7fcefbbe9000 ---p 00000000 00:00 0 
7fcefbbe9000-7fcefbcf4000 rw-p 00000000 00:00 0                          [stack:7944]
7fcefbcf4000-7fcefbd3c000 rw-p 00000000 00:00 0 
7fcefbd3c000-7fcefbd47000 rw-p 00000000 00:00 0 
7fcefbd47000-7fcefbd8f000 rw-p 00000000 00:00 0 
7fcefbd8f000-7fcefbda3000 rw-p 00000000 00:00 0 
7fcefbda3000-7fcefbed1000 rw-p 00000000 00:00 0 
7fcefbed1000-7fcefbee4000 rw-p 00000000 00:00 0 
7fcefbee4000-7fcefbf73000 rw-p 00000000 00:00 0 
7fcefbf73000-7fcefbf74000 rw-p 00000000 00:00 0 
7fcefbf74000-7fcefc1e4000 rwxp 00000000 00:00 0 
7fcefc1e4000-7fcefef74000 rw-p 00000000 00:00 0 
7fcefef74000-7fcefef7c000 r-xp 00000000 fc:00 28970810                   /usr/lib/jvm/java-7-openjdk-amd64/jre/lib/amd64/libzip.so
7fcefef7c000-7fceff17b000 ---p 00008000 fc:00 28970810                   /usr/lib/jvm/java-7-openjdk-amd64/jre/lib/amd64/libzip.so
7fceff17b000-7fceff17c000 r--p 00007000 fc:00 28970810                   /usr/lib/jvm/java-7-openjdk-amd64/jre/lib/amd64/libzip.so
7fceff17c000-7fceff17d000 rw-p 00008000 fc:00 28970810                   /usr/lib/jvm/java-7-openjdk-amd64/jre/lib/amd64/libzip.so
7fceff17d000-7fceff189000 r-xp 00000000 fc:00 10752417                   /lib/x86_64-linux-gnu/libnss_files-2.21.so
7fceff189000-7fceff388000 ---p 0000c000 fc:00 10752417                   /lib/x86_64-linux-gnu/libnss_files-2.21.so
7fceff388000-7fceff389000 r--p 0000b000 fc:00 10752417                   /lib/x86_64-linux-gnu/libnss_files-2.21.so
7fceff389000-7fceff38a000 rw-p 0000c000 fc:00 10752417                   /lib/x86_64-linux-gnu/libnss_files-2.21.so
7fceff38a000-7fceff395000 r-xp 00000000 fc:00 10752427                   /lib/x86_64-linux-gnu/libnss_nis-2.21.so
7fceff395000-7fceff594000 ---p 0000b000 fc:00 10752427                   /lib/x86_64-linux-gnu/libnss_nis-2.21.so
7fceff594000-7fceff595000 r--p 0000a000 fc:00 10752427                   /lib/x86_64-linux-gnu/libnss_nis-2.21.so
7fceff595000-7fceff596000 rw-p 0000b000 fc:00 10752427                   /lib/x86_64-linux-gnu/libnss_nis-2.21.so
7fceff596000-7fceff5ad000 r-xp 00000000 fc:00 10752411                   /lib/x86_64-linux-gnu/libnsl-2.21.so
7fceff5ad000-7fceff7ac000 ---p 00017000 fc:00 10752411                   /lib/x86_64-linux-gnu/libnsl-2.21.so
7fceff7ac000-7fceff7ad000 r--p 00016000 fc:00 10752411                   /lib/x86_64-linux-gnu/libnsl-2.21.so
7fceff7ad000-7fceff7ae000 rw-p 00017000 fc:00 10752411                   /lib/x86_64-linux-gnu/libnsl-2.21.so
7fceff7ae000-7fceff7b0000 rw-p 00000000 00:00 0 
7fceff7b0000-7fceff7b8000 r-xp 00000000 fc:00 10752413                   /lib/x86_64-linux-gnu/libnss_compat-2.21.so
7fceff7b8000-7fceff9b7000 ---p 00008000 fc:00 10752413                   /lib/x86_64-linux-gnu/libnss_compat-2.21.so
7fceff9b7000-7fceff9b8000 r--p 00007000 fc:00 10752413                   /lib/x86_64-linux-gnu/libnss_compat-2.21.so
7fceff9b8000-7fceff9b9000 rw-p 00008000 fc:00 10752413                   /lib/x86_64-linux-gnu/libnss_compat-2.21.so
7fceff9b9000-7fceff9e5000 r-xp 00000000 fc:00 28970818                   /usr/lib/jvm/java-7-openjdk-amd64/jre/lib/amd64/libjava.so
7fceff9e5000-7fceffbe4000 ---p 0002c000 fc:00 28970818                   /usr/lib/jvm/java-7-openjdk-amd64/jre/lib/amd64/libjava.so
7fceffbe4000-7fceffbe5000 r--p 0002b000 fc:00 28970818                   /usr/lib/jvm/java-7-openjdk-amd64/jre/lib/amd64/libjava.so
7fceffbe5000-7fceffbe7000 rw-p 0002c000 fc:00 28970818                   /usr/lib/jvm/java-7-openjdk-amd64/jre/lib/amd64/libjava.so
7fceffbe7000-7fceffbf6000 r-xp 00000000 fc:00 28970839                   /usr/lib/jvm/java-7-openjdk-amd64/jre/lib/amd64/libverify.so
7fceffbf6000-7fceffdf5000 ---p 0000f000 fc:00 28970839                   /usr/lib/jvm/java-7-openjdk-amd64/jre/lib/amd64/libverify.so
7fceffdf5000-7fceffdf7000 r--p 0000e000 fc:00 28970839                   /usr/lib/jvm/java-7-openjdk-amd64/jre/lib/amd64/libverify.so
7fceffdf7000-7fceffdf8000 rw-p 00010000 fc:00 28970839                   /usr/lib/jvm/java-7-openjdk-amd64/jre/lib/amd64/libverify.so
7fceffdf8000-7fceffdff000 r-xp 00000000 fc:00 10752472                   /lib/x86_64-linux-gnu/librt-2.21.so
7fceffdff000-7fceffffe000 ---p 00007000 fc:00 10752472                   /lib/x86_64-linux-gnu/librt-2.21.so
7fceffffe000-7fcefffff000 r--p 00006000 fc:00 10752472                   /lib/x86_64-linux-gnu/librt-2.21.so
7fcefffff000-7fcf00000000 rw-p 00007000 fc:00 10752472                   /lib/x86_64-linux-gnu/librt-2.21.so
7fcf00000000-7fcf00462000 rw-p 00000000 00:00 0 
7fcf00462000-7fcf04000000 ---p 00000000 00:00 0 
7fcf04000000-7fcf04001000 r--s 00000000 fc:00 29102136                   /usr/share/java/atinject-jsr330-api-1.0.jar
7fcf04001000-7fcf04003000 r--s 0000a000 fc:00 29102496                   /usr/share/java/plexus-classworlds2-2.5.2.jar
7fcf04003000-7fcf04017000 rw-p 00000000 00:00 0 
7fcf04017000-7fcf04146000 rw-p 00000000 00:00 0 
7fcf04146000-7fcf0415c000 r-xp 00000000 fc:00 10752361                   /lib/x86_64-linux-gnu/libgcc_s.so.1
7fcf0415c000-7fcf0435b000 ---p 00016000 fc:00 10752361                   /lib/x86_64-linux-gnu/libgcc_s.so.1
7fcf0435b000-7fcf0435c000 r--p 00015000 fc:00 10752361                   /lib/x86_64-linux-gnu/libgcc_s.so.1
7fcf0435c000-7fcf0435d000 rw-p 00016000 fc:00 10752361                   /lib/x86_64-linux-gnu/libgcc_s.so.1
7fcf0435d000-7fcf04464000 r-xp 00000000 fc:00 10752390                   /lib/x86_64-linux-gnu/libm-2.21.so
7fcf04464000-7fcf04663000 ---p 00107000 fc:00 10752390                   /lib/x86_64-linux-gnu/libm-2.21.so
7fcf04663000-7fcf04664000 r--p 00106000 fc:00 10752390                   /lib/x86_64-linux-gnu/libm-2.21.so
7fcf04664000-7fcf04665000 rw-p 00107000 fc:00 10752390                   /lib/x86_64-linux-gnu/libm-2.21.so
7fcf04665000-7fcf047d8000 r-xp 00000000 fc:00 28583044                   /usr/lib/x86_64-linux-gnu/libstdc++.so.6.0.21
7fcf047d8000-7fcf049d7000 ---p 00173000 fc:00 28583044                   /usr/lib/x86_64-linux-gnu/libstdc++.so.6.0.21
7fcf049d7000-7fcf049e1000 r--p 00172000 fc:00 28583044                   /usr/lib/x86_64-linux-gnu/libstdc++.so.6.0.21
7fcf049e1000-7fcf049e3000 rw-p 0017c000 fc:00 28583044                   /usr/lib/x86_64-linux-gnu/libstdc++.so.6.0.21
7fcf049e3000-7fcf049e7000 rw-p 00000000 00:00 0 
7fcf049e7000-7fcf05538000 r-xp 00000000 fc:00 28970830                   /usr/lib/jvm/java-7-openjdk-amd64/jre/lib/amd64/server/libjvm.so
7fcf05538000-7fcf05737000 ---p 00b51000 fc:00 28970830                   /usr/lib/jvm/java-7-openjdk-amd64/jre/lib/amd64/server/libjvm.so
7fcf05737000-7fcf057c8000 r--p 00b50000 fc:00 28970830                   /usr/lib/jvm/java-7-openjdk-amd64/jre/lib/amd64/server/libjvm.so
7fcf057c8000-7fcf057eb000 rw-p 00be1000 fc:00 28970830                   /usr/lib/jvm/java-7-openjdk-amd64/jre/lib/amd64/server/libjvm.so
7fcf057eb000-7fcf05816000 rw-p 00000000 00:00 0 
7fcf05816000-7fcf0582f000 r-xp 00000000 fc:00 10752507                   /lib/x86_64-linux-gnu/libz.so.1.2.8
7fcf0582f000-7fcf05a2e000 ---p 00019000 fc:00 10752507                   /lib/x86_64-linux-gnu/libz.so.1.2.8
7fcf05a2e000-7fcf05a2f000 r--p 00018000 fc:00 10752507                   /lib/x86_64-linux-gnu/libz.so.1.2.8
7fcf05a2f000-7fcf05a30000 rw-p 00019000 fc:00 10752507                   /lib/x86_64-linux-gnu/libz.so.1.2.8
7fcf05a30000-7fcf05a48000 r-xp 00000000 fc:00 10752464                   /lib/x86_64-linux-gnu/libpthread-2.21.so
7fcf05a48000-7fcf05c48000 ---p 00018000 fc:00 10752464                   /lib/x86_64-linux-gnu/libpthread-2.21.so
7fcf05c48000-7fcf05c49000 r--p 00018000 fc:00 10752464                   /lib/x86_64-linux-gnu/libpthread-2.21.so
7fcf05c49000-7fcf05c4a000 rw-p 00019000 fc:00 10752464                   /lib/x86_64-linux-gnu/libpthread-2.21.so
7fcf05c4a000-7fcf05c4e000 rw-p 00000000 00:00 0 
7fcf05c4e000-7fcf05c51000 r-xp 00000000 fc:00 10752347                   /lib/x86_64-linux-gnu/libdl-2.21.so
7fcf05c51000-7fcf05e50000 ---p 00003000 fc:00 10752347                   /lib/x86_64-linux-gnu/libdl-2.21.so
7fcf05e50000-7fcf05e51000 r--p 00002000 fc:00 10752347                   /lib/x86_64-linux-gnu/libdl-2.21.so
7fcf05e51000-7fcf05e52000 rw-p 00003000 fc:00 10752347                   /lib/x86_64-linux-gnu/libdl-2.21.so
7fcf05e52000-7fcf06012000 r-xp 00000000 fc:00 10752328                   /lib/x86_64-linux-gnu/libc-2.21.so
7fcf06012000-7fcf06212000 ---p 001c0000 fc:00 10752328                   /lib/x86_64-linux-gnu/libc-2.21.so
7fcf06212000-7fcf06216000 r--p 001c0000 fc:00 10752328                   /lib/x86_64-linux-gnu/libc-2.21.so
7fcf06216000-7fcf06218000 rw-p 001c4000 fc:00 10752328                   /lib/x86_64-linux-gnu/libc-2.21.so
7fcf06218000-7fcf0621c000 rw-p 00000000 00:00 0 
7fcf0621c000-7fcf06229000 r-xp 00000000 fc:00 28970841                   /usr/lib/jvm/java-7-openjdk-amd64/jre/lib/amd64/jli/libjli.so
7fcf06229000-7fcf06428000 ---p 0000d000 fc:00 28970841                   /usr/lib/jvm/java-7-openjdk-amd64/jre/lib/amd64/jli/libjli.so
7fcf06428000-7fcf06429000 r--p 0000c000 fc:00 28970841                   /usr/lib/jvm/java-7-openjdk-amd64/jre/lib/amd64/jli/libjli.so
7fcf06429000-7fcf0642a000 rw-p 0000d000 fc:00 28970841                   /usr/lib/jvm/java-7-openjdk-amd64/jre/lib/amd64/jli/libjli.so
7fcf0642a000-7fcf0644e000 r-xp 00000000 fc:00 10752300                   /lib/x86_64-linux-gnu/ld-2.21.so
7fcf0644e000-7fcf0644f000 r--s 0000a000 fc:00 29102550                   /usr/share/java/maven3-settings-3.3.3.jar
7fcf0644f000-7fcf06451000 r--s 00007000 fc:00 29101884                   /usr/share/java/java-atk-wrapper.jar
7fcf06451000-7fcf06454000 r--s 0000f000 fc:00 28970792                   /usr/lib/jvm/java-7-openjdk-amd64/jre/lib/ext/icedtea-sound.jar
7fcf06454000-7fcf06475000 rw-p 00000000 00:00 0 
7fcf06475000-7fcf0652b000 rw-p 00000000 00:00 0 
7fcf0652b000-7fcf0652e000 ---p 00000000 00:00 0 
7fcf0652e000-7fcf06631000 rw-p 00000000 00:00 0                          [stack:7943]
7fcf06631000-7fcf06632000 r--s 00001000 fc:00 29102525                   /usr/share/java/wagon-http-shared-2.x.jar
7fcf06632000-7fcf06633000 r--s 00002000 fc:00 28970795                   /usr/lib/jvm/java-7-openjdk-amd64/jre/lib/ext/dnsns.jar
7fcf06633000-7fcf06637000 r--s 00034000 fc:00 28970793                   /usr/lib/jvm/java-7-openjdk-amd64/jre/lib/ext/sunjce_provider.jar
7fcf06637000-7fcf06639000 r--s 00012000 fc:00 28970790                   /usr/lib/jvm/java-7-openjdk-amd64/jre/lib/ext/zipfs.jar
7fcf06639000-7fcf0663d000 r--s 00085000 fc:00 28970791                   /usr/lib/jvm/java-7-openjdk-amd64/jre/lib/ext/localedata.jar
7fcf0663d000-7fcf06641000 r--s 0003c000 fc:00 28970794                   /usr/lib/jvm/java-7-openjdk-amd64/jre/lib/ext/sunpkcs11.jar
7fcf06641000-7fcf06649000 rw-s 00000000 fc:00 9568615                    /tmp/hsperfdata_idrico/7917
7fcf06649000-7fcf0664a000 rw-p 00000000 00:00 0 
7fcf0664a000-7fcf0664b000 r--p 00000000 00:00 0 
7fcf0664b000-7fcf0664d000 rw-p 00000000 00:00 0 
7fcf0664d000-7fcf0664e000 r--p 00023000 fc:00 10752300                   /lib/x86_64-linux-gnu/ld-2.21.so
7fcf0664e000-7fcf0664f000 rw-p 00024000 fc:00 10752300                   /lib/x86_64-linux-gnu/ld-2.21.so
7fcf0664f000-7fcf06650000 rw-p 00000000 00:00 0 
7ffcaf01d000-7ffcaf03e000 rw-p 00000000 00:00 0                          [stack]
7ffcaf16a000-7ffcaf16c000 r--p 00000000 00:00 0                          [vvar]
7ffcaf16c000-7ffcaf16e000 r-xp 00000000 00:00 0                          [vdso]
ffffffffff600000-ffffffffff601000 r-xp 00000000 00:00 0                  [vsyscall]

VM Arguments:
jvm_args: -Dclassworlds.conf=/usr/share/maven/bin/m2.conf -Dmaven.home=/usr/share/maven -Dmaven.multiModuleProjectDirectory=/home/idrico/application/InventorySystem 
java_command: org.codehaus.plexus.classworlds.launcher.Launcher clean install jboss-as:deploy
Launcher Type: SUN_STANDARD

Environment Variables:
JAVA_HOME=/usr/lib/jvm/java-7-openjdk-amd64
PATH=/usr/local/sbin:/usr/local/bin:/usr/sbin:/usr/bin:/sbin:/bin:/usr/games:/usr/local/games
LD_LIBRARY_PATH=/home/idrico/application/idea-IU-143.382.35/bin:
SHELL=/bin/bash
DISPLAY=:0

Signal Handlers:
SIGSEGV: [libjvm.so+0x995450], sa_mask[0]=0x7ffbfeff, sa_flags=0x10000004
SIGBUS: [libjvm.so+0x995450], sa_mask[0]=0x7ffbfeff, sa_flags=0x10000004
SIGFPE: [libjvm.so+0x7fc6a0], sa_mask[0]=0x7ffbfeff, sa_flags=0x10000004
SIGPIPE: [libjvm.so+0x7fc6a0], sa_mask[0]=0x7ffbfeff, sa_flags=0x10000004
SIGXFSZ: [libjvm.so+0x7fc6a0], sa_mask[0]=0x7ffbfeff, sa_flags=0x10000004
SIGILL: [libjvm.so+0x7fc6a0], sa_mask[0]=0x7ffbfeff, sa_flags=0x10000004
SIGUSR1: SIG_DFL, sa_mask[0]=0x00000000, sa_flags=0x00000000
SIGUSR2: [libjvm.so+0x7fc520], sa_mask[0]=0x00000004, sa_flags=0x10000004
SIGHUP: [libjvm.so+0x7fc6b0], sa_mask[0]=0x7ffbfeff, sa_flags=0x10000004
SIGINT: [libjvm.so+0x7fc6b0], sa_mask[0]=0x7ffbfeff, sa_flags=0x10000004
SIGTERM: [libjvm.so+0x7fc6b0], sa_mask[0]=0x7ffbfeff, sa_flags=0x10000004
SIGQUIT: [libjvm.so+0x7fc6b0], sa_mask[0]=0x7ffbfeff, sa_flags=0x10000004
SIGTRAP: SIG_DFL, sa_mask[0]=0x00000000, sa_flags=0x00000000


---------------  S Y S T E M  ---------------

OS:Ubuntu 15.10 (wily)
uname:Linux 4.2.0-19-generic #23-Ubuntu SMP Wed Nov 11 11:39:30 UTC 2015 x86_64
libc:glibc 2.21 NPTL 2.21 
rlimit: STACK 8192k, CORE 0k, NPROC 14601, NOFILE 65536, AS infinity
load average:0,54 0,45 0,52

/proc/meminfo:
MemTotal:        3960140 kB
MemFree:          693188 kB
MemAvailable:    1002944 kB
Buffers:           27844 kB
Cached:           490736 kB
SwapCached:        23208 kB
Active:          2141792 kB
Inactive:         915120 kB
Active(anon):    1937336 kB
Inactive(anon):   818836 kB
Active(file):     204456 kB
Inactive(file):    96284 kB
Unevictable:          72 kB
Mlocked:              72 kB
SwapTotal:       4104188 kB
SwapFree:        3556712 kB
Dirty:              2804 kB
Writeback:             0 kB
AnonPages:       2516208 kB
Mapped:           268088 kB
Shmem:            217840 kB
Slab:              79312 kB
SReclaimable:      38416 kB
SUnreclaim:        40896 kB
KernelStack:       12272 kB
PageTables:        47896 kB
NFS_Unstable:          0 kB
Bounce:                0 kB
WritebackTmp:          0 kB
CommitLimit:     6084256 kB
Committed_AS:    8346000 kB
VmallocTotal:   34359738367 kB
VmallocUsed:      573640 kB
VmallocChunk:   34358423548 kB
HardwareCorrupted:     0 kB
AnonHugePages:   1511424 kB
CmaTotal:              0 kB
CmaFree:               0 kB
HugePages_Total:       0
HugePages_Free:        0
HugePages_Rsvd:        0
HugePages_Surp:        0
Hugepagesize:       2048 kB
DirectMap4k:      184192 kB
DirectMap2M:     3923968 kB
DirectMap1G:     1048576 kB


CPU:total 4 (2 cores per cpu, 2 threads per core) family 6 model 61 stepping 4, cmov, cx8, fxsr, mmx, sse, sse2, sse3, ssse3, sse4.1, sse4.2, popcnt, avx, avx2, aes, erms, ht, tsc, tscinvbit

/proc/cpuinfo:
processor	: 0
vendor_id	: GenuineIntel
cpu family	: 6
model		: 61
model name	: Intel(R) Core(TM) i7-5500U CPU @ 2.40GHz
stepping	: 4
microcode	: 0x18
cpu MHz		: 2880.187
cache size	: 4096 KB
physical id	: 0
siblings	: 4
core id		: 0
cpu cores	: 2
apicid		: 0
initial apicid	: 0
fpu		: yes
fpu_exception	: yes
cpuid level	: 20
wp		: yes
flags		: fpu vme de pse tsc msr pae mce cx8 apic sep mtrr pge mca cmov pat pse36 clflush dts acpi mmx fxsr sse sse2 ss ht tm pbe syscall nx pdpe1gb rdtscp lm constant_tsc arch_perfmon pebs bts rep_good nopl xtopology nonstop_tsc aperfmperf eagerfpu pni pclmulqdq dtes64 monitor ds_cpl vmx est tm2 ssse3 fma cx16 xtpr pdcm pcid sse4_1 sse4_2 x2apic movbe popcnt tsc_deadline_timer aes xsave avx f16c rdrand lahf_lm abm 3dnowprefetch ida arat epb pln pts dtherm intel_pt tpr_shadow vnmi flexpriority ept vpid fsgsbase tsc_adjust bmi1 avx2 smep bmi2 erms invpcid rdseed adx smap xsaveopt
bugs		:
bogomips	: 4789.26
clflush size	: 64
cache_alignment	: 64
address sizes	: 39 bits physical, 48 bits virtual
power management:

processor	: 1
vendor_id	: GenuineIntel
cpu family	: 6
model		: 61
model name	: Intel(R) Core(TM) i7-5500U CPU @ 2.40GHz
stepping	: 4
microcode	: 0x18
cpu MHz		: 2744.625
cache size	: 4096 KB
physical id	: 0
siblings	: 4
core id		: 1
cpu cores	: 2
apicid		: 2
initial apicid	: 2
fpu		: yes
fpu_exception	: yes
cpuid level	: 20
wp		: yes
flags		: fpu vme de pse tsc msr pae mce cx8 apic sep mtrr pge mca cmov pat pse36 clflush dts acpi mmx fxsr sse sse2 ss ht tm pbe syscall nx pdpe1gb rdtscp lm constant_tsc arch_perfmon pebs bts rep_good nopl xtopology nonstop_tsc aperfmperf eagerfpu pni pclmulqdq dtes64 monitor ds_cpl vmx est tm2 ssse3 fma cx16 xtpr pdcm pcid sse4_1 sse4_2 x2apic movbe popcnt tsc_deadline_timer aes xsave avx f16c rdrand lahf_lm abm 3dnowprefetch ida arat epb pln pts dtherm intel_pt tpr_shadow vnmi flexpriority ept vpid fsgsbase tsc_adjust bmi1 avx2 smep bmi2 erms invpcid rdseed adx smap xsaveopt
bugs		:
bogomips	: 4789.26
clflush size	: 64
cache_alignment	: 64
address sizes	: 39 bits physical, 48 bits virtual
power management:

processor	: 2
vendor_id	: GenuineIntel
cpu family	: 6
model		: 61
model name	: Intel(R) Core(TM) i7-5500U CPU @ 2.40GHz
stepping	: 4
microcode	: 0x18
cpu MHz		: 2977.125
cache size	: 4096 KB
physical id	: 0
siblings	: 4
core id		: 0
cpu cores	: 2
apicid		: 1
initial apicid	: 1
fpu		: yes
fpu_exception	: yes
cpuid level	: 20
wp		: yes
flags		: fpu vme de pse tsc msr pae mce cx8 apic sep mtrr pge mca cmov pat pse36 clflush dts acpi mmx fxsr sse sse2 ss ht tm pbe syscall nx pdpe1gb rdtscp lm constant_tsc arch_perfmon pebs bts rep_good nopl xtopology nonstop_tsc aperfmperf eagerfpu pni pclmulqdq dtes64 monitor ds_cpl vmx est tm2 ssse3 fma cx16 xtpr pdcm pcid sse4_1 sse4_2 x2apic movbe popcnt tsc_deadline_timer aes xsave avx f16c rdrand lahf_lm abm 3dnowprefetch ida arat epb pln pts dtherm intel_pt tpr_shadow vnmi flexpriority ept vpid fsgsbase tsc_adjust bmi1 avx2 smep bmi2 erms invpcid rdseed adx smap xsaveopt
bugs		:
bogomips	: 4789.26
clflush size	: 64
cache_alignment	: 64
address sizes	: 39 bits physical, 48 bits virtual
power management:

processor	: 3
vendor_id	: GenuineIntel
cpu family	: 6
model		: 61
model name	: Intel(R) Core(TM) i7-5500U CPU @ 2.40GHz
stepping	: 4
microcode	: 0x18
cpu MHz		: 2899.968
cache size	: 4096 KB
physical id	: 0
siblings	: 4
core id		: 1
cpu cores	: 2
apicid		: 3
initial apicid	: 3
fpu		: yes
fpu_exception	: yes
cpuid level	: 20
wp		: yes
flags		: fpu vme de pse tsc msr pae mce cx8 apic sep mtrr pge mca cmov pat pse36 clflush dts acpi mmx fxsr sse sse2 ss ht tm pbe syscall nx pdpe1gb rdtscp lm constant_tsc arch_perfmon pebs bts rep_good nopl xtopology nonstop_tsc aperfmperf eagerfpu pni pclmulqdq dtes64 monitor ds_cpl vmx est tm2 ssse3 fma cx16 xtpr pdcm pcid sse4_1 sse4_2 x2apic movbe popcnt tsc_deadline_timer aes xsave avx f16c rdrand lahf_lm abm 3dnowprefetch ida arat epb pln pts dtherm intel_pt tpr_shadow vnmi flexpriority ept vpid fsgsbase tsc_adjust bmi1 avx2 smep bmi2 erms invpcid rdseed adx smap xsaveopt
bugs		:
bogomips	: 4789.26
clflush size	: 64
cache_alignment	: 64
address sizes	: 39 bits physical, 48 bits virtual
power management:



Memory: 4k page, physical 3960140k(693188k free), swap 4104188k(3556712k free)

vm_info: OpenJDK 64-Bit Server VM (24.91-b01) for linux-amd64 JRE (1.7.0_91-b02), built on Nov 19 2015 06:14:16 by "buildd" with gcc 5.2.1 20151010

time: Mon Dec 14 20:32:55 2015
elapsed time: 0 seconds

